<?xml version="1.0" encoding="UTF-8"?>
<coverage generated="1705334569718" clover="3.2.0">
  <project timestamp="1705334569719" name="All files">
    <metrics statements="10" coveredstatements="7" conditionals="6" coveredconditionals="3" methods="2" coveredmethods="2" elements="18" coveredelements="12" complexity="0" loc="10" ncloc="10" packages="1" files="1" classes="1"/>
    <file name="validations.js" path="C:\Users\user\Desktop\devops-exam-2024\src\services\validations.js">
      <metrics statements="10" coveredstatements="7" conditionals="6" coveredconditionals="3" methods="2" coveredmethods="2"/>
      <line num="2" count="1" type="stmt"/>
      <line num="4" count="3" type="cond" truecount="2" falsecount="0"/>
      <line num="5" count="1" type="stmt"/>
      <line num="9" count="2" type="stmt"/>
      <line num="10" count="14" type="cond" truecount="1" falsecount="1"/>
      <line num="11" count="2" type="stmt"/>
      <line num="15" count="0" type="cond" truecount="0" falsecount="2"/>
      <line num="16" count="0" type="stmt"/>
      <line num="19" count="0" type="stmt"/>
      <line num="22" count="1" type="stmt"/>
    </file>
  </project>
</coverage>
